[32minfo[39m: ::1 - - [05/Oct/2024:10:47:10 +0000] "GET / HTTP/1.1" 404 139 "-" "Mozilla/5.0 (Windows NT 10.0; Win64; x64) AppleWebKit/537.36 (KHTML, like Gecko) Chrome/129.0.0.0 Safari/537.36"
[32minfo[39m: ::1 - - [05/Oct/2024:10:47:45 +0000] "GET /api-docs HTTP/1.1" 301 158 "-" "Mozilla/5.0 (Windows NT 10.0; Win64; x64) AppleWebKit/537.36 (KHTML, like Gecko) Chrome/129.0.0.0 Safari/537.36"
[32minfo[39m: ::1 - - [05/Oct/2024:10:47:45 +0000] "GET /api-docs/ HTTP/1.1" 200 3106 "-" "Mozilla/5.0 (Windows NT 10.0; Win64; x64) AppleWebKit/537.36 (KHTML, like Gecko) Chrome/129.0.0.0 Safari/537.36"
[32minfo[39m: ::1 - - [05/Oct/2024:10:47:46 +0000] "GET /api-docs/swagger-ui-init.js HTTP/1.1" 200 1755 "http://localhost:5000/api-docs/" "Mozilla/5.0 (Windows NT 10.0; Win64; x64) AppleWebKit/537.36 (KHTML, like Gecko) Chrome/129.0.0.0 Safari/537.36"
[32minfo[39m: ::1 - - [05/Oct/2024:10:47:46 +0000] "GET /api-docs/swagger-ui.css HTTP/1.1" 200 152071 "http://localhost:5000/api-docs/" "Mozilla/5.0 (Windows NT 10.0; Win64; x64) AppleWebKit/537.36 (KHTML, like Gecko) Chrome/129.0.0.0 Safari/537.36"
[32minfo[39m: ::1 - - [05/Oct/2024:10:47:46 +0000] "GET /api-docs/swagger-ui-standalone-preset.js HTTP/1.1" 200 230293 "http://localhost:5000/api-docs/" "Mozilla/5.0 (Windows NT 10.0; Win64; x64) AppleWebKit/537.36 (KHTML, like Gecko) Chrome/129.0.0.0 Safari/537.36"
[32minfo[39m: ::1 - - [05/Oct/2024:10:47:46 +0000] "GET /api-docs/swagger-ui-bundle.js HTTP/1.1" 200 1452753 "http://localhost:5000/api-docs/" "Mozilla/5.0 (Windows NT 10.0; Win64; x64) AppleWebKit/537.36 (KHTML, like Gecko) Chrome/129.0.0.0 Safari/537.36"
[32minfo[39m: ::1 - - [05/Oct/2024:10:47:47 +0000] "GET /api-docs/favicon-32x32.png HTTP/1.1" 200 628 "http://localhost:5000/api-docs/" "Mozilla/5.0 (Windows NT 10.0; Win64; x64) AppleWebKit/537.36 (KHTML, like Gecko) Chrome/129.0.0.0 Safari/537.36"
[32minfo[39m: ::1 - - [05/Oct/2024:17:43:52 +0000] "GET /api/v1 HTTP/1.1" 404 145 "-" "PostmanRuntime/7.37.3"
[32minfo[39m: ::1 - - [05/Oct/2024:17:46:36 +0000] "POST /api/v1/auth/register HTTP/1.1" 201 303 "-" "PostmanRuntime/7.37.3"
[32minfo[39m: ::1 - - [05/Oct/2024:20:26:07 +0000] "GET / HTTP/1.1" 404 139 "-" "Mozilla/5.0 (Windows NT 10.0; Win64; x64) AppleWebKit/537.36 (KHTML, like Gecko) Chrome/129.0.0.0 Safari/537.36"
[32minfo[39m: ::1 - - [05/Oct/2024:20:26:13 +0000] "GET /api-docs HTTP/1.1" 301 158 "-" "Mozilla/5.0 (Windows NT 10.0; Win64; x64) AppleWebKit/537.36 (KHTML, like Gecko) Chrome/129.0.0.0 Safari/537.36"
[32minfo[39m: ::1 - - [05/Oct/2024:20:26:13 +0000] "GET /api-docs/ HTTP/1.1" 200 3106 "-" "Mozilla/5.0 (Windows NT 10.0; Win64; x64) AppleWebKit/537.36 (KHTML, like Gecko) Chrome/129.0.0.0 Safari/537.36"
[32minfo[39m: ::1 - - [05/Oct/2024:20:26:13 +0000] "GET /api-docs/swagger-ui-init.js HTTP/1.1" 200 1755 "-" "Mozilla/5.0 (Windows NT 10.0; Win64; x64) AppleWebKit/537.36 (KHTML, like Gecko) Chrome/129.0.0.0 Safari/537.36"
[32minfo[39m: ::1 - - [05/Oct/2024:20:26:13 +0000] "GET /api-docs/swagger-ui.css HTTP/1.1" 200 152071 "-" "Mozilla/5.0 (Windows NT 10.0; Win64; x64) AppleWebKit/537.36 (KHTML, like Gecko) Chrome/129.0.0.0 Safari/537.36"
[32minfo[39m: ::1 - - [05/Oct/2024:20:26:13 +0000] "GET /api-docs/swagger-ui-standalone-preset.js HTTP/1.1" 200 230293 "-" "Mozilla/5.0 (Windows NT 10.0; Win64; x64) AppleWebKit/537.36 (KHTML, like Gecko) Chrome/129.0.0.0 Safari/537.36"
[32minfo[39m: ::1 - - [05/Oct/2024:20:26:13 +0000] "GET /api-docs/swagger-ui-bundle.js HTTP/1.1" 200 1452753 "-" "Mozilla/5.0 (Windows NT 10.0; Win64; x64) AppleWebKit/537.36 (KHTML, like Gecko) Chrome/129.0.0.0 Safari/537.36"
[32minfo[39m: ::1 - - [05/Oct/2024:20:27:49 +0000] "GET /api-docs/register HTTP/1.1" 200 3106 "-" "Mozilla/5.0 (Windows NT 10.0; Win64; x64) AppleWebKit/537.36 (KHTML, like Gecko) Chrome/129.0.0.0 Safari/537.36"
[32minfo[39m: ::1 - - [05/Oct/2024:20:27:49 +0000] "GET /api-docs/swagger-ui.css HTTP/1.1" 304 - "-" "Mozilla/5.0 (Windows NT 10.0; Win64; x64) AppleWebKit/537.36 (KHTML, like Gecko) Chrome/129.0.0.0 Safari/537.36"
[32minfo[39m: ::1 - - [05/Oct/2024:20:27:49 +0000] "GET /api-docs/swagger-ui-bundle.js HTTP/1.1" 304 - "-" "Mozilla/5.0 (Windows NT 10.0; Win64; x64) AppleWebKit/537.36 (KHTML, like Gecko) Chrome/129.0.0.0 Safari/537.36"
[32minfo[39m: ::1 - - [05/Oct/2024:20:27:49 +0000] "GET /api-docs/swagger-ui-init.js HTTP/1.1" 304 - "-" "Mozilla/5.0 (Windows NT 10.0; Win64; x64) AppleWebKit/537.36 (KHTML, like Gecko) Chrome/129.0.0.0 Safari/537.36"
[32minfo[39m: ::1 - - [05/Oct/2024:20:27:49 +0000] "GET /api-docs/swagger-ui-standalone-preset.js HTTP/1.1" 304 - "-" "Mozilla/5.0 (Windows NT 10.0; Win64; x64) AppleWebKit/537.36 (KHTML, like Gecko) Chrome/129.0.0.0 Safari/537.36"
[32minfo[39m: ::1 - - [05/Oct/2024:20:28:02 +0000] "GET /api-docs/register HTTP/1.1" 304 - "-" "Mozilla/5.0 (Windows NT 10.0; Win64; x64) AppleWebKit/537.36 (KHTML, like Gecko) Chrome/129.0.0.0 Safari/537.36"
[32minfo[39m: ::1 - - [05/Oct/2024:20:28:02 +0000] "GET /api-docs/swagger-ui.css HTTP/1.1" 304 - "-" "Mozilla/5.0 (Windows NT 10.0; Win64; x64) AppleWebKit/537.36 (KHTML, like Gecko) Chrome/129.0.0.0 Safari/537.36"
[32minfo[39m: ::1 - - [05/Oct/2024:20:28:02 +0000] "GET /api-docs/swagger-ui-bundle.js HTTP/1.1" 304 - "-" "Mozilla/5.0 (Windows NT 10.0; Win64; x64) AppleWebKit/537.36 (KHTML, like Gecko) Chrome/129.0.0.0 Safari/537.36"
[32minfo[39m: ::1 - - [05/Oct/2024:20:28:02 +0000] "GET /api-docs/swagger-ui-standalone-preset.js HTTP/1.1" 304 - "-" "Mozilla/5.0 (Windows NT 10.0; Win64; x64) AppleWebKit/537.36 (KHTML, like Gecko) Chrome/129.0.0.0 Safari/537.36"
[32minfo[39m: ::1 - - [05/Oct/2024:20:28:02 +0000] "GET /api-docs/swagger-ui-init.js HTTP/1.1" 304 - "-" "Mozilla/5.0 (Windows NT 10.0; Win64; x64) AppleWebKit/537.36 (KHTML, like Gecko) Chrome/129.0.0.0 Safari/537.36"
[32minfo[39m: ::1 - - [05/Oct/2024:20:28:02 +0000] "GET /api-docs/favicon-32x32.png HTTP/1.1" 200 628 "-" "Mozilla/5.0 (Windows NT 10.0; Win64; x64) AppleWebKit/537.36 (KHTML, like Gecko) Chrome/129.0.0.0 Safari/537.36"
[32minfo[39m: ::1 - - [05/Oct/2024:20:29:25 +0000] "POST /api/v1/auth/login HTTP/1.1" 400 58 "-" "PostmanRuntime/7.37.3"
[32minfo[39m: ::1 - - [05/Oct/2024:20:39:29 +0000] "POST /api/v1/auth/register HTTP/1.1" 201 303 "-" "PostmanRuntime/7.37.3"
[32minfo[39m: ::1 - - [05/Oct/2024:20:40:25 +0000] "POST /api/v1/auth/register HTTP/1.1" 400 49 "-" "PostmanRuntime/7.37.3"
[32minfo[39m: ::1 - - [05/Oct/2024:20:41:20 +0000] "POST /api/v1/auth/login HTTP/1.1" 400 58 "-" "PostmanRuntime/7.37.3"
[32minfo[39m: ::1 - - [05/Oct/2024:20:52:04 +0000] "POST /api/v1/auth/forgot-password HTTP/1.1" 500 110 "-" "PostmanRuntime/7.37.3"
[32minfo[39m: ::1 - - [05/Oct/2024:21:00:36 +0000] "POST /api/v1/auth/forgot-password HTTP/1.1" 500 265 "-" "PostmanRuntime/7.37.3"
[32minfo[39m: ::1 - - [05/Oct/2024:21:07:26 +0000] "POST /api/v1/auth/forgot-password HTTP/1.1" 500 93 "-" "PostmanRuntime/7.37.3"
[32minfo[39m: ::1 - - [05/Oct/2024:21:14:49 +0000] "POST /api/v1/auth/forgot-password HTTP/1.1" 200 39 "-" "PostmanRuntime/7.37.3"
[32minfo[39m: ::1 - - [05/Oct/2024:21:20:20 +0000] "PUT /api/v1/auth/reset-password/a88a4a0eaa855ef0b3cff54ada2ff41f44f931cf3aca180d5887265813844972 HTTP/1.1" 200 58 "-" "PostmanRuntime/7.37.3"
[32minfo[39m: ::1 - - [05/Oct/2024:22:43:12 +0000] "POST /api/v1/auth/login HTTP/1.1" 400 58 "-" "PostmanRuntime/7.37.3"
[32minfo[39m: ::1 - - [05/Oct/2024:23:00:02 +0000] "POST /api/v1/auth/register HTTP/1.1" 201 303 "-" "PostmanRuntime/7.37.3"
[32minfo[39m: ::1 - - [05/Oct/2024:23:01:03 +0000] "POST /api/v1/auth/login HTTP/1.1" 200 306 "-" "PostmanRuntime/7.37.3"
[32minfo[39m: ::1 - - [05/Oct/2024:23:02:08 +0000] "GET /api/v1/auth/forgot-password HTTP/1.1" 404 166 "-" "PostmanRuntime/7.37.3"
[32minfo[39m: ::1 - - [05/Oct/2024:23:02:24 +0000] "POST /api/v1/auth/forgot-password HTTP/1.1" 200 39 "-" "PostmanRuntime/7.37.3"
[32minfo[39m: ::1 - - [05/Oct/2024:23:02:49 +0000] "GET /reset-password/5dccc1bd6752cd83cd711dadb1e2c5ac01915001d5b94616234311462164bee2 HTTP/1.1" 404 218 "-" "Mozilla/5.0 (Windows NT 10.0; Win64; x64) AppleWebKit/537.36 (KHTML, like Gecko) Chrome/129.0.0.0 Safari/537.36"
[32minfo[39m: ::1 - - [05/Oct/2024:23:04:12 +0000] "PUT /api/v1/auth/reset-password/5dccc1bd6752cd83cd711dadb1e2c5ac01915001d5b94616234311462164bee2 HTTP/1.1" 200 58 "-" "PostmanRuntime/7.37.3"
[32minfo[39m: ::1 - - [05/Oct/2024:23:08:07 +0000] "GET /api/v1/user/ HTTP/1.1" 401 57 "-" "PostmanRuntime/7.37.3"
[32minfo[39m: ::1 - - [05/Oct/2024:23:08:28 +0000] "POST /api/v1/auth/login HTTP/1.1" 400 58 "-" "PostmanRuntime/7.37.3"
[32minfo[39m: ::1 - - [05/Oct/2024:23:10:14 +0000] "POST /api/v1/auth/login HTTP/1.1" 400 58 "-" "PostmanRuntime/7.37.3"
[32minfo[39m: ::1 - - [05/Oct/2024:23:15:34 +0000] "POST /api/v1/auth/register HTTP/1.1" 201 303 "-" "PostmanRuntime/7.37.3"
[32minfo[39m: ::1 - - [05/Oct/2024:23:16:05 +0000] "POST /api/v1/auth/login HTTP/1.1" 200 306 "-" "PostmanRuntime/7.37.3"
[32minfo[39m: ::1 - - [05/Oct/2024:23:16:25 +0000] "POST /api/v1/auth/forgot-password HTTP/1.1" 200 39 "-" "PostmanRuntime/7.37.3"
[32minfo[39m: ::1 - - [05/Oct/2024:23:16:40 +0000] "GET /reset-password/195e9254850a2dbd744a74a7c30d99a3f81f11ca37fa6665d449ee0f5939ed4b HTTP/1.1" 404 218 "-" "Mozilla/5.0 (Windows NT 10.0; Win64; x64) AppleWebKit/537.36 (KHTML, like Gecko) Chrome/129.0.0.0 Safari/537.36"
[32minfo[39m: ::1 - - [05/Oct/2024:23:17:18 +0000] "PUT /api/v1/auth/reset-password/195e9254850a2dbd744a74a7c30d99a3f81f11ca37fa6665d449ee0f5939ed4b HTTP/1.1" 200 58 "-" "PostmanRuntime/7.37.3"
[32minfo[39m: ::1 - - [05/Oct/2024:23:17:39 +0000] "POST /api/v1/auth/login HTTP/1.1" 200 306 "-" "PostmanRuntime/7.37.3"
[32minfo[39m: ::1 - - [05/Oct/2024:23:18:50 +0000] "GET /api/v1/user/ HTTP/1.1" 200 65 "-" "PostmanRuntime/7.37.3"
[32minfo[39m: ::1 - - [05/Oct/2024:23:20:02 +0000] "GET /api/v1/user/ HTTP/1.1" 200 65 "-" "PostmanRuntime/7.37.3"
[32minfo[39m: ::1 - - [05/Oct/2024:23:20:28 +0000] "GET /api/v1/user/ HTTP/1.1" 200 65 "-" "PostmanRuntime/7.37.3"
[32minfo[39m: ::1 - - [05/Oct/2024:23:21:58 +0000] "GET /api/v1/user/ HTTP/1.1" 200 65 "-" "PostmanRuntime/7.37.3"
[32minfo[39m: ::1 - - [05/Oct/2024:23:22:59 +0000] "GET /api/v1/user/ HTTP/1.1" 200 272 "-" "PostmanRuntime/7.37.3"
[32minfo[39m: ::1 - - [05/Oct/2024:23:40:40 +0000] "GET /api/v1/user/ HTTP/1.1" 200 65 "-" "PostmanRuntime/7.37.3"
[32minfo[39m: ::1 - - [05/Oct/2024:23:45:59 +0000] "GET /api/v1/user/ HTTP/1.1" 500 51 "-" "PostmanRuntime/7.37.3"
[32minfo[39m: ::1 - - [05/Oct/2024:23:47:09 +0000] "POST /api/v1/auth/login HTTP/1.1" 200 306 "-" "PostmanRuntime/7.37.3"
[32minfo[39m: ::1 - - [05/Oct/2024:23:47:37 +0000] "GET /api/v1/user/ HTTP/1.1" 500 51 "-" "PostmanRuntime/7.37.3"
[32minfo[39m: ::1 - - [06/Oct/2024:11:18:13 +0000] "POST /api/v1/auth/login HTTP/1.1" 200 306 "-" "PostmanRuntime/7.37.3"
[32minfo[39m: ::1 - - [06/Oct/2024:11:19:20 +0000] "GET /api/v1/user/ HTTP/1.1" 500 51 "-" "PostmanRuntime/7.37.3"
[32minfo[39m: ::1 - - [06/Oct/2024:11:19:22 +0000] "GET /api/v1/user/ HTTP/1.1" 500 51 "-" "PostmanRuntime/7.37.3"
[32minfo[39m: ::1 - - [06/Oct/2024:11:25:36 +0000] "GET /api/v1/user/ HTTP/1.1" 500 51 "-" "PostmanRuntime/7.37.3"
[32minfo[39m: ::1 - - [06/Oct/2024:11:26:02 +0000] "GET /api/v1/user/ HTTP/1.1" 500 51 "-" "PostmanRuntime/7.37.3"
[32minfo[39m: ::1 - - [06/Oct/2024:11:39:15 +0000] "GET /api/v1/user/ HTTP/1.1" 400 66 "-" "PostmanRuntime/7.37.3"
[32minfo[39m: ::1 - - [06/Oct/2024:11:39:34 +0000] "POST /api/v1/auth/login HTTP/1.1" 200 306 "-" "PostmanRuntime/7.37.3"
[32minfo[39m: ::1 - - [06/Oct/2024:11:40:03 +0000] "GET /api/v1/user/ HTTP/1.1" 400 66 "-" "PostmanRuntime/7.37.3"
[32minfo[39m: ::1 - - [06/Oct/2024:11:45:44 +0000] "GET /api/v1/user/ HTTP/1.1" 400 66 "-" "PostmanRuntime/7.37.3"
[32minfo[39m: ::1 - - [06/Oct/2024:11:47:06 +0000] "POST /api/v1/auth/register HTTP/1.1" 201 302 "-" "PostmanRuntime/7.37.3"
[32minfo[39m: ::1 - - [06/Oct/2024:11:47:29 +0000] "POST /api/v1/auth/login HTTP/1.1" 200 305 "-" "PostmanRuntime/7.37.3"
[32minfo[39m: ::1 - - [06/Oct/2024:11:47:48 +0000] "GET /api/v1/user/ HTTP/1.1" 400 66 "-" "PostmanRuntime/7.37.3"
[32minfo[39m: ::1 - - [06/Oct/2024:11:48:32 +0000] "GET /api/v1/user/ HTTP/1.1" 400 66 "-" "PostmanRuntime/7.37.3"
[32minfo[39m: ::1 - - [06/Oct/2024:11:50:14 +0000] "GET /api/v1/user/ HTTP/1.1" 200 360 "-" "PostmanRuntime/7.37.3"
[32minfo[39m: ::1 - - [06/Oct/2024:11:52:05 +0000] "GET /api/v1/user/6701c89693b06be6ff21282d HTTP/1.1" 200 260 "-" "PostmanRuntime/7.37.3"
[32minfo[39m: ::1 - - [06/Oct/2024:11:54:14 +0000] "PUT /api/v1/user/6701c89693b06be6ff21282d HTTP/1.1" 200 257 "-" "PostmanRuntime/7.37.3"
[32minfo[39m: ::1 - - [06/Oct/2024:11:54:24 +0000] "DELETE /api/v1/user/6701c89693b06be6ff21282d HTTP/1.1" 200 54 "-" "PostmanRuntime/7.37.3"
[32minfo[39m: ::1 - - [06/Oct/2024:11:58:41 +0000] "GET /api/v1/user/ HTTP/1.1" 200 197 "-" "PostmanRuntime/7.37.3"
[32minfo[39m: ::1 - - [06/Oct/2024:12:02:55 +0000] "GET /api/v1/profile/ HTTP/1.1" 500 150 "-" "PostmanRuntime/7.37.3"
[32minfo[39m: ::1 - - [06/Oct/2024:12:07:20 +0000] "GET /api/v1/profile/upload-avatar HTTP/1.1" 404 167 "-" "PostmanRuntime/7.37.3"
[32minfo[39m: ::1 - - [06/Oct/2024:12:11:14 +0000] "GET /api/v1/profile/upload-avatar HTTP/1.1" 404 167 "-" "PostmanRuntime/7.37.3"
[32minfo[39m: ::1 - - [06/Oct/2024:12:12:22 +0000] "PUT /api/v1/profile/upload-avatar HTTP/1.1" 500 64 "-" "PostmanRuntime/7.37.3"
[32minfo[39m: ::1 - - [06/Oct/2024:12:26:12 +0000] "PUT /api/v1/profile/upload-avatar HTTP/1.1" 500 64 "-" "PostmanRuntime/7.37.3"
[32minfo[39m: ::1 - - [06/Oct/2024:12:30:35 +0000] "PUT /api/v1/profile/upload-avatar HTTP/1.1" 200 162 "-" "PostmanRuntime/7.37.3"
[32minfo[39m: ::1 - - [06/Oct/2024:13:08:14 +0000] "GET /api-docs/ HTTP/1.1" 304 - "-" "Mozilla/5.0 (Windows NT 10.0; Win64; x64) AppleWebKit/537.36 (KHTML, like Gecko) Chrome/129.0.0.0 Safari/537.36"
[32minfo[39m: ::1 - - [06/Oct/2024:13:08:14 +0000] "GET /api-docs/swagger-ui-init.js HTTP/1.1" 200 11080 "-" "Mozilla/5.0 (Windows NT 10.0; Win64; x64) AppleWebKit/537.36 (KHTML, like Gecko) Chrome/129.0.0.0 Safari/537.36"
[32minfo[39m: ::1 - - [06/Oct/2024:13:08:14 +0000] "GET /api-docs/swagger-ui-bundle.js HTTP/1.1" 304 - "-" "Mozilla/5.0 (Windows NT 10.0; Win64; x64) AppleWebKit/537.36 (KHTML, like Gecko) Chrome/129.0.0.0 Safari/537.36"
[32minfo[39m: ::1 - - [06/Oct/2024:13:08:14 +0000] "GET /api-docs/swagger-ui.css HTTP/1.1" 304 - "-" "Mozilla/5.0 (Windows NT 10.0; Win64; x64) AppleWebKit/537.36 (KHTML, like Gecko) Chrome/129.0.0.0 Safari/537.36"
[32minfo[39m: ::1 - - [06/Oct/2024:13:08:14 +0000] "GET /api-docs/swagger-ui-standalone-preset.js HTTP/1.1" 304 - "-" "Mozilla/5.0 (Windows NT 10.0; Win64; x64) AppleWebKit/537.36 (KHTML, like Gecko) Chrome/129.0.0.0 Safari/537.36"
[32minfo[39m: ::1 - - [08/Oct/2024:10:12:56 +0000] "POST /api/v1/auth/login HTTP/1.1" 200 305 "-" "PostmanRuntime/7.42.0"
[32minfo[39m: ::1 - - [08/Oct/2024:10:22:23 +0000] "POST /api/v1/admin/ HTTP/1.1" 404 153 "-" "PostmanRuntime/7.42.0"
[32minfo[39m: ::1 - - [08/Oct/2024:10:22:34 +0000] "POST /api/v1/admin/properties HTTP/1.1" 200 68 "-" "PostmanRuntime/7.42.0"
[32minfo[39m: ::1 - - [08/Oct/2024:10:22:43 +0000] "POST /api/v1/auth/login HTTP/1.1" 200 305 "-" "PostmanRuntime/7.42.0"
[32minfo[39m: ::1 - - [08/Oct/2024:10:24:36 +0000] "POST /api/v1/admin/properties HTTP/1.1" 403 65 "-" "PostmanRuntime/7.42.0"
[32minfo[39m: ::1 - - [08/Oct/2024:10:29:25 +0000] "PUT /api/v1/admin/make-admin/670278ba18f0729c47e8f9c3 HTTP/1.1" 404 44 "-" "PostmanRuntime/7.42.0"
[32minfo[39m: ::1 - - [08/Oct/2024:10:35:49 +0000] "POST /api/v1/auth/login HTTP/1.1" 200 308 "-" "PostmanRuntime/7.42.0"
[32minfo[39m: ::1 - - [08/Oct/2024:10:38:54 +0000] "POST /api/v1/admin/properties HTTP/1.1" 201 716 "-" "PostmanRuntime/7.42.0"
[32minfo[39m: ::1 - - [08/Oct/2024:11:29:00 +0000] "POST /api/v1/admin/properties HTTP/1.1" 201 716 "-" "PostmanRuntime/7.42.0"
[32minfo[39m: ::1 - - [08/Oct/2024:11:33:26 +0000] "POST /api/v1/admin/properties HTTP/1.1" 500 122 "-" "PostmanRuntime/7.42.0"
[32minfo[39m: ::1 - - [08/Oct/2024:11:45:45 +0000] "POST /api/v1/admin/properties HTTP/1.1" 500 122 "-" "PostmanRuntime/7.42.0"
[32minfo[39m: ::1 - - [08/Oct/2024:11:48:52 +0000] "POST /api/v1/admin/properties HTTP/1.1" 500 122 "-" "PostmanRuntime/7.42.0"
[32minfo[39m: ::1 - - [08/Oct/2024:11:56:26 +0000] "POST /api/v1/admin/properties HTTP/1.1" 200 816 "-" "PostmanRuntime/7.42.0"
[32minfo[39m: ::1 - - [08/Oct/2024:11:59:35 +0000] "POST /api/v1/admin/properties HTTP/1.1" 200 1363 "-" "PostmanRuntime/7.42.0"
[32minfo[39m: ::1 - - [08/Oct/2024:12:19:38 +0000] "POST /api/v1/admin/properties HTTP/1.1" 200 1363 "-" "PostmanRuntime/7.42.0"
[32minfo[39m: ::1 - - [08/Oct/2024:12:35:53 +0000] "PUT /api/v1/admin/properties/6705235a59bc4f35f2c9008c HTTP/1.1" 401 57 "-" "PostmanRuntime/7.42.0"
[32minfo[39m: ::1 - - [08/Oct/2024:12:36:07 +0000] "PUT /api/v1/admin/properties/6705235a59bc4f35f2c9008c HTTP/1.1" 200 1317 "-" "PostmanRuntime/7.42.0"
[32minfo[39m: ::1 - - [08/Oct/2024:12:36:57 +0000] "PUT /api/v1/admin/properties/6705235a59bc4f35f2c9008c HTTP/1.1" 200 1317 "-" "PostmanRuntime/7.42.0"
[32minfo[39m: ::1 - - [08/Oct/2024:12:39:28 +0000] "PUT /api/v1/admin/properties/6705235a59bc4f35f2c9008c HTTP/1.1" 200 1317 "-" "PostmanRuntime/7.42.0"
[32minfo[39m: ::1 - - [08/Oct/2024:12:41:30 +0000] "POST /api/v1/admin/properties HTTP/1.1" 200 1363 "-" "PostmanRuntime/7.42.0"
[32minfo[39m: ::1 - - [08/Oct/2024:12:45:08 +0000] "POST /api/v1/admin/properties HTTP/1.1" 200 1369 "-" "PostmanRuntime/7.42.0"
[32minfo[39m: ::1 - - [08/Oct/2024:12:46:53 +0000] "PUT /api/v1/admin/properties/67052954f73faacd5f864c0d HTTP/1.1" 200 1323 "-" "PostmanRuntime/7.42.0"
[32minfo[39m: ::1 - - [08/Oct/2024:12:58:00 +0000] "GET /api/v1/admin/properties HTTP/1.1" 401 57 "-" "PostmanRuntime/7.42.0"
[32minfo[39m: ::1 - - [08/Oct/2024:12:58:14 +0000] "GET /api/v1/admin/properties HTTP/1.1" 500 154 "-" "PostmanRuntime/7.42.0"
[32minfo[39m: ::1 - - [08/Oct/2024:12:58:25 +0000] "GET /api/v1/admin/properties/ HTTP/1.1" 500 154 "-" "PostmanRuntime/7.42.0"
[32minfo[39m: ::1 - - [08/Oct/2024:13:01:19 +0000] "GET /api/v1/admin/properties/ HTTP/1.1" 200 2619 "-" "PostmanRuntime/7.42.0"
[32minfo[39m: ::1 - - [08/Oct/2024:13:02:28 +0000] "GET /api/v1/admin/properties/6705287af73faacd5f864c04 HTTP/1.1" 200 1321 "-" "PostmanRuntime/7.42.0"
[32minfo[39m: ::1 - - [08/Oct/2024:13:03:08 +0000] "GET /api/v1/admin/properties/count HTTP/1.1" 500 149 "-" "PostmanRuntime/7.42.0"
[32minfo[39m: ::1 - - [08/Oct/2024:13:07:37 +0000] "GET /api/v1/admin/properties/count HTTP/1.1" 500 149 "-" "PostmanRuntime/7.42.0"
[32minfo[39m: ::1 - - [08/Oct/2024:13:11:17 +0000] "GET /api/v1/admin/properties/count HTTP/1.1" 500 149 "-" "PostmanRuntime/7.42.0"
[32minfo[39m: ::1 - - [08/Oct/2024:13:33:22 +0000] "GET /api/v1/admin/properties/count/ HTTP/1.1" 500 149 "-" "PostmanRuntime/7.42.0"
[32minfo[39m: ::1 - - [08/Oct/2024:13:40:21 +0000] "GET /api/v1/admin/properties/count HTTP/1.1" 500 149 "-" "PostmanRuntime/7.42.0"
[32minfo[39m: ::1 - - [08/Oct/2024:13:44:36 +0000] "GET /api/properties/count HTTP/1.1" 404 159 "-" "PostmanRuntime/7.42.0"
[32minfo[39m: ::1 - - [08/Oct/2024:13:45:16 +0000] "GET /api/v1/admin/properties/count HTTP/1.1" 500 149 "-" "PostmanRuntime/7.42.0"
[32minfo[39m: ::1 - - [08/Oct/2024:13:48:53 +0000] "GET /api/v1/admin/properties/count HTTP/1.1" 500 149 "-" "PostmanRuntime/7.42.0"
[32minfo[39m: ::1 - - [08/Oct/2024:13:54:04 +0000] "GET /api/v1/admin/properties/count HTTP/1.1" 200 25 "-" "PostmanRuntime/7.42.0"
[32minfo[39m: ::1 - - [08/Oct/2024:13:56:31 +0000] "GET /api/v1/admin/properties/search?name=great HTTP/1.1" 401 57 "-" "PostmanRuntime/7.42.0"
[32minfo[39m: ::1 - - [08/Oct/2024:13:56:40 +0000] "GET /api/v1/admin/properties/search?name=great HTTP/1.1" 200 1325 "-" "PostmanRuntime/7.42.0"
[32minfo[39m: ::1 - - [08/Oct/2024:13:56:49 +0000] "GET /api/v1/admin/properties/search?name=gre HTTP/1.1" 200 1325 "-" "PostmanRuntime/7.42.0"
[32minfo[39m: ::1 - - [08/Oct/2024:14:10:13 +0000] "DELETE /api/v1/admin/properties/67052954f73faacd5f864c0d HTTP/1.1" 401 57 "-" "PostmanRuntime/7.42.0"
[32minfo[39m: ::1 - - [08/Oct/2024:14:10:26 +0000] "DELETE /api/v1/admin/properties/67052954f73faacd5f864c0d HTTP/1.1" 200 58 "-" "PostmanRuntime/7.42.0"
[32minfo[39m: ::1 - - [08/Oct/2024:14:11:52 +0000] "POST /api/v1/admin/properties HTTP/1.1" 200 1369 "-" "PostmanRuntime/7.42.0"
[32minfo[39m: ::1 - - [08/Oct/2024:14:13:56 +0000] "GET /api/v1/admin/properties/ HTTP/1.1" 401 57 "-" "PostmanRuntime/7.42.0"
[32minfo[39m: ::1 - - [08/Oct/2024:14:14:04 +0000] "GET /api/v1/admin/properties/ HTTP/1.1" 200 2619 "-" "PostmanRuntime/7.42.0"
[32minfo[39m: ::1 - - [08/Oct/2024:14:37:02 +0000] "GET /api/v1/admin/properties/ HTTP/1.1" 200 2665 "-" "PostmanRuntime/7.42.0"
[32minfo[39m: ::1 - - [08/Oct/2024:14:54:17 +0000] "POST /api/v1/poster HTTP/1.1" 200 360 "-" "PostmanRuntime/7.42.0"
[32minfo[39m: ::1 - - [08/Oct/2024:14:59:14 +0000] "POST /api/v1/poster HTTP/1.1" 200 360 "-" "PostmanRuntime/7.42.0"
[32minfo[39m: ::1 - - [08/Oct/2024:15:04:01 +0000] "PUT /api/v1/poster/670548c213a42f8ef844a0ef HTTP/1.1" 200 361 "-" "PostmanRuntime/7.42.0"
[32minfo[39m: ::1 - - [08/Oct/2024:15:04:16 +0000] "GET /api/v1/poster HTTP/1.1" 401 57 "-" "PostmanRuntime/7.42.0"
[32minfo[39m: ::1 - - [08/Oct/2024:15:04:25 +0000] "GET /api/v1/poster HTTP/1.1" 200 366 "-" "PostmanRuntime/7.42.0"
[32minfo[39m: ::1 - - [08/Oct/2024:15:04:37 +0000] "GET /api/v1/poster/670548c213a42f8ef844a0ef HTTP/1.1" 200 363 "-" "PostmanRuntime/7.42.0"
[32minfo[39m: ::1 - - [08/Oct/2024:15:04:56 +0000] "DELETE /api/v1/poster/670548c213a42f8ef844a0ef HTTP/1.1" 200 57 "-" "PostmanRuntime/7.42.0"
[32minfo[39m: ::1 - - [08/Oct/2024:21:47:30 +0000] "POST /api/v1/notification/send HTTP/1.1" 500 57 "-" "PostmanRuntime/7.42.0"
[32minfo[39m: ::1 - - [08/Oct/2024:21:57:50 +0000] "POST /api/v1/notification/send HTTP/1.1" 500 57 "-" "PostmanRuntime/7.42.0"
[32minfo[39m: ::1 - - [08/Oct/2024:22:01:51 +0000] "POST /api/v1/notification/send HTTP/1.1" 500 57 "-" "PostmanRuntime/7.42.0"
[32minfo[39m: ::1 - - [08/Oct/2024:22:02:49 +0000] "POST /api/v1/notification/send HTTP/1.1" 500 57 "-" "PostmanRuntime/7.42.0"
[32minfo[39m: ::1 - - [08/Oct/2024:22:29:56 +0000] "POST /api/v1/notification/send HTTP/1.1" 500 57 "-" "PostmanRuntime/7.42.0"
[32minfo[39m: ::1 - - [09/Oct/2024:11:28:20 +0000] "POST /api/v1/notification/send HTTP/1.1" 500 57 "-" "PostmanRuntime/7.42.0"
[32minfo[39m: ::1 - - [09/Oct/2024:11:28:34 +0000] "POST /api/v1/notification/send HTTP/1.1" 500 57 "-" "PostmanRuntime/7.42.0"
[32minfo[39m: ::1 - - [09/Oct/2024:11:29:31 +0000] "POST /api/v1/notification/send HTTP/1.1" 500 58 "-" "PostmanRuntime/7.42.0"
[32minfo[39m: ::1 - - [09/Oct/2024:11:32:44 +0000] "POST /api/v1/notification/send HTTP/1.1" 500 57 "-" "PostmanRuntime/7.42.0"
[32minfo[39m: ::1 - - [09/Oct/2024:11:33:54 +0000] "POST /api/v1/notification/send HTTP/1.1" 500 109 "-" "PostmanRuntime/7.42.0"
[32minfo[39m: ::1 - - [09/Oct/2024:12:32:20 +0000] "POST /api/v1/notification/send HTTP/1.1" 500 99 "-" "PostmanRuntime/7.42.0"
[32minfo[39m: ::1 - - [09/Oct/2024:12:47:10 +0000] "POST /api/v1/notification/send HTTP/1.1" 500 148 "-" "PostmanRuntime/7.42.0"
[32minfo[39m: ::1 - - [09/Oct/2024:12:52:09 +0000] "POST /api/v1/notification/send HTTP/1.1" 500 155 "-" "PostmanRuntime/7.42.0"
[32minfo[39m: ::1 - - [09/Oct/2024:12:52:39 +0000] "POST /api/v1/notification/send HTTP/1.1" 500 155 "-" "PostmanRuntime/7.42.0"
[32minfo[39m: ::1 - - [09/Oct/2024:13:08:22 +0000] "POST /api/v1/notification/send HTTP/1.1" 400 70 "-" "PostmanRuntime/7.42.0"
[32minfo[39m: ::1 - - [09/Oct/2024:13:11:54 +0000] "POST /api/v1/notification/send HTTP/1.1" 400 70 "-" "PostmanRuntime/7.42.0"
[32minfo[39m: ::1 - - [09/Oct/2024:13:12:40 +0000] "POST /api/v1/notification/send HTTP/1.1" 400 70 "-" "PostmanRuntime/7.42.0"
[32minfo[39m: ::1 - - [09/Oct/2024:13:12:45 +0000] "POST /api/v1/notification/send HTTP/1.1" 400 70 "-" "PostmanRuntime/7.42.0"
[32minfo[39m: ::1 - - [09/Oct/2024:13:13:51 +0000] "POST /api/v1/notification/send HTTP/1.1" 500 71 "-" "PostmanRuntime/7.42.0"
[32minfo[39m: ::1 - - [09/Oct/2024:13:14:14 +0000] "POST /api/v1/notification/send HTTP/1.1" 400 70 "-" "PostmanRuntime/7.42.0"
[32minfo[39m: ::1 - - [09/Oct/2024:13:14:54 +0000] "POST /api/v1/notification/send HTTP/1.1" 500 103 "-" "PostmanRuntime/7.42.0"
[32minfo[39m: ::1 - - [09/Oct/2024:13:19:44 +0000] "POST /api/v1/notification/send HTTP/1.1" 500 88 "-" "PostmanRuntime/7.42.0"
[32minfo[39m: ::1 - - [09/Oct/2024:13:20:37 +0000] "POST /api/v1/notification/send HTTP/1.1" 500 103 "-" "PostmanRuntime/7.42.0"
[32minfo[39m: ::1 - - [09/Oct/2024:13:21:01 +0000] "POST /api/v1/notification/send HTTP/1.1" 500 103 "-" "PostmanRuntime/7.42.0"
[32minfo[39m: ::1 - - [09/Oct/2024:13:26:38 +0000] "POST /api/v1/notification/send HTTP/1.1" 500 103 "-" "PostmanRuntime/7.42.0"
[32minfo[39m: ::1 - - [09/Oct/2024:13:42:17 +0000] "POST /api/v1/notification/send HTTP/1.1" 500 103 "-" "PostmanRuntime/7.42.0"
[32minfo[39m: ::1 - - [09/Oct/2024:13:59:01 +0000] "POST /api/v1/notification/send HTTP/1.1" 500 80 "-" "PostmanRuntime/7.42.0"
[32minfo[39m: ::1 - - [09/Oct/2024:15:37:31 +0000] "POST /api/v1/coupon/ HTTP/1.1" 200 68 "-" "PostmanRuntime/7.42.0"
[32minfo[39m: ::1 - - [09/Oct/2024:15:37:39 +0000] "POST /api/v1/auth/login HTTP/1.1" 200 308 "-" "PostmanRuntime/7.42.0"
[32minfo[39m: ::1 - - [09/Oct/2024:15:38:31 +0000] "POST /api/v1/coupon/ HTTP/1.1" 400 99 "-" "PostmanRuntime/7.42.0"
[32minfo[39m: ::1 - - [09/Oct/2024:15:45:32 +0000] "POST /api/v1/coupon/ HTTP/1.1" 400 99 "-" "PostmanRuntime/7.42.0"
[32minfo[39m: ::1 - - [09/Oct/2024:19:17:40 +0000] "POST /api/v1/coupon/ HTTP/1.1" 400 99 "-" "PostmanRuntime/7.42.0"
[32minfo[39m: ::1 - - [09/Oct/2024:19:18:43 +0000] "POST /api/v1/coupon/ HTTP/1.1" 400 99 "-" "PostmanRuntime/7.42.0"
[32minfo[39m: ::1 - - [09/Oct/2024:19:22:57 +0000] "POST /api/v1/coupon/ HTTP/1.1" 500 211 "-" "PostmanRuntime/7.42.0"
[32minfo[39m: ::1 - - [09/Oct/2024:20:27:53 +0000] "POST /api/v1/admin/properties HTTP/1.1" 200 1408 "-" "PostmanRuntime/7.42.0"
[32minfo[39m: ::1 - - [09/Oct/2024:20:34:44 +0000] "PUT /api/v1/admin/properties/6706e747392fc25565062961 HTTP/1.1" 200 1404 "-" "PostmanRuntime/7.42.0"
[32minfo[39m: ::1 - - [09/Oct/2024:20:36:07 +0000] "GET /api/v1/admin/properties/search?name=gre HTTP/1.1" 200 1364 "-" "PostmanRuntime/7.42.0"
[32minfo[39m: ::1 - - [09/Oct/2024:20:37:04 +0000] "POST /api/v1/poster/ HTTP/1.1" 200 360 "-" "PostmanRuntime/7.42.0"
[32minfo[39m: ::1 - - [09/Oct/2024:20:37:52 +0000] "POST /api/v1/coupon/ HTTP/1.1" 500 211 "-" "PostmanRuntime/7.42.0"
[32minfo[39m: ::1 - - [09/Oct/2024:20:40:26 +0000] "PUT /api/v1/admin/properties/6706e747392fc25565062961 HTTP/1.1" 200 1404 "-" "PostmanRuntime/7.42.0"
[32minfo[39m: ::1 - - [09/Oct/2024:21:08:51 +0000] "POST /api/v1/coupon/ HTTP/1.1" 400 146 "-" "PostmanRuntime/7.42.0"
[32minfo[39m: ::1 - - [09/Oct/2024:21:10:06 +0000] "POST /api/v1/coupon/ HTTP/1.1" 400 146 "-" "PostmanRuntime/7.42.0"
[32minfo[39m: ::1 - - [09/Oct/2024:21:15:23 +0000] "POST /api/v1/coupon/ HTTP/1.1" 201 373 "-" "PostmanRuntime/7.42.0"
[32minfo[39m: ::1 - - [09/Oct/2024:21:17:45 +0000] "GET /api/v1/coupon/ HTTP/1.1" 500 172 "-" "PostmanRuntime/7.42.0"
